\BOOKMARK [0][-]{chapter.1}{\376\377\000I\000n\000t\000r\000o\000d\000u\000c\000t\000i\000o\000n}{}% 1
\BOOKMARK [1][-]{section.1.1}{\376\377\000B\000a\000s\000i\000c\000\040\000P\000r\000e\000d\000i\000c\000t\000i\000o\000n\000\040\000M\000o\000d\000e\000l\000s}{chapter.1}% 2
\BOOKMARK [2][-]{subsection.1.1.1}{\376\377\000D\000e\000c\000i\000s\000i\000o\000n\000\040\000T\000r\000e\000e\000s}{section.1.1}% 3
\BOOKMARK [2][-]{subsection.1.1.2}{\376\377\000N\000e\000u\000r\000a\000l\000\040\000N\000e\000t\000w\000o\000r\000k\000s}{section.1.1}% 4
\BOOKMARK [1][-]{section.1.2}{\376\377\000C\000o\000m\000m\000o\000n\000\040\000L\000o\000s\000s\000\040\000F\000u\000n\000c\000t\000i\000o\000n\000s}{chapter.1}% 5
\BOOKMARK [1][-]{section.1.3}{\376\377\000O\000v\000e\000r\000f\000i\000t\000t\000i\000n\000g\000\040\000a\000n\000d\000\040\000U\000n\000d\000e\000r\000f\000i\000t\000t\000i\000n\000g}{chapter.1}% 6
\BOOKMARK [2][-]{subsection.1.3.1}{\376\377\000R\000e\000g\000u\000l\000a\000r\000i\000z\000a\000t\000i\000o\000n}{section.1.3}% 7
\BOOKMARK [1][-]{section.1.4}{\376\377\000M\000L\000\040\000D\000e\000s\000i\000g\000n\000\040\000C\000y\000c\000l\000e}{chapter.1}% 8
\BOOKMARK [1][-]{section.1.5}{\376\377\000N\000o\000n\000-\000P\000a\000r\000a\000m\000e\000t\000r\000i\000c\000\040\000M\000o\000d\000e\000l\000s}{chapter.1}% 9
\BOOKMARK [2][-]{subsection.1.5.1}{\376\377\000N\000e\000a\000r\000e\000s\000t\000\040\000N\000e\000i\000g\000h\000b\000o\000r\000s}{section.1.5}% 10
\BOOKMARK [2][-]{subsection.1.5.2}{\376\377\000N\000a\000i\000v\000e\000\040\000B\000a\000y\000e\000s}{section.1.5}% 11
\BOOKMARK [0][-]{chapter.2}{\376\377\000L\000i\000n\000e\000a\000r\000\040\000M\000e\000t\000h\000o\000d\000s}{}% 12
\BOOKMARK [1][-]{section.2.1}{\376\377\000L\000i\000n\000e\000a\000r\000\040\000R\000e\000g\000r\000e\000s\000s\000i\000o\000n}{chapter.2}% 13
\BOOKMARK [1][-]{section.2.2}{\376\377\000L\000i\000n\000e\000a\000r\000\040\000C\000l\000a\000s\000s\000i\000f\000i\000c\000a\000t\000i\000o\000n}{chapter.2}% 14
\BOOKMARK [2][-]{subsection.2.2.1}{\376\377\000G\000r\000a\000d\000i\000e\000n\000t\000\040\000D\000e\000s\000c\000e\000n\000t}{section.2.2}% 15
\BOOKMARK [0][-]{chapter.3}{\376\377\000P\000r\000i\000n\000c\000i\000p\000l\000e\000s\000\040\000o\000f\000\040\000R\000e\000g\000u\000l\000a\000r\000i\000z\000a\000t\000i\000o\000n}{}% 16
\BOOKMARK [1][-]{section.3.1}{\376\377\000B\000i\000a\000s\000-\000V\000a\000r\000i\000a\000n\000c\000e\000\040\000T\000r\000a\000d\000e\000o\000f\000f}{chapter.3}% 17
\BOOKMARK [1][-]{section.3.2}{\376\377\000R\000e\000g\000u\000l\000a\000r\000i\000z\000a\000t\000i\000o\000n}{chapter.3}% 18
\BOOKMARK [0][-]{chapter.4}{\376\377\000D\000e\000c\000i\000s\000i\000o\000n\000\040\000T\000r\000e\000e\000s}{}% 19
\BOOKMARK [1][-]{section.4.1}{\376\377\000C\000h\000o\000o\000s\000i\000n\000g\000\040\000S\000p\000l\000i\000t\000s}{chapter.4}% 20
\BOOKMARK [2][-]{subsection.4.1.1}{\376\377\000F\000o\000r\000\040\000r\000e\000g\000r\000e\000s\000s\000i\000o\000n}{section.4.1}% 21
\BOOKMARK [2][-]{subsection.4.1.2}{\376\377\000F\000o\000r\000\040\000c\000l\000a\000s\000s\000i\000f\000i\000c\000a\000t\000i\000o\000n}{section.4.1}% 22
\BOOKMARK [1][-]{section.4.2}{\376\377\000P\000r\000o\000s\000\040\000a\000n\000d\000\040\000C\000o\000n\000s\000\040\000o\000f\000\040\000D\000e\000c\000i\000s\000i\000o\000n\000\040\000T\000r\000e\000e\000s}{chapter.4}% 23
\BOOKMARK [0][-]{chapter.5}{\376\377\000E\000n\000s\000e\000m\000b\000l\000e\000s}{}% 24
\BOOKMARK [1][-]{section.5.1}{\376\377\000B\000a\000g\000g\000i\000n\000g}{chapter.5}% 25
\BOOKMARK [1][-]{section.5.2}{\376\377\000B\000o\000o\000s\000t\000i\000n\000g}{chapter.5}% 26
\BOOKMARK [2][-]{subsection.5.2.1}{\376\377\000G\000r\000a\000d\000i\000e\000n\000t\000\040\000B\000o\000o\000s\000t\000i\000n\000g}{section.5.2}% 27
\BOOKMARK [2][-]{subsection.5.2.2}{\376\377\000A\000d\000a\000B\000o\000o\000s\000t}{section.5.2}% 28
\BOOKMARK [1][-]{section.5.3}{\376\377\000G\000r\000a\000d\000i\000e\000n\000t\000-\000B\000o\000o\000s\000t\000e\000d\000\040\000D\000e\000c\000i\000s\000i\000o\000n\000\040\000T\000r\000e\000e\000s}{chapter.5}% 29
