\BOOKMARK [0][-]{chapter.1}{\376\377\000I\000n\000t\000r\000o\000d\000u\000c\000t\000i\000o\000n}{}% 1
\BOOKMARK [1][-]{section.1.1}{\376\377\000D\000e\000f\000i\000n\000i\000t\000i\000o\000n}{chapter.1}% 2
\BOOKMARK [1][-]{section.1.2}{\376\377\000D\000e\000s\000i\000g\000n}{chapter.1}% 3
\BOOKMARK [0][-]{chapter.2}{\376\377\000S\000p\000e\000c\000i\000f\000i\000c\000a\000t\000i\000o\000n}{}% 4
\BOOKMARK [1][-]{section.2.1}{\376\377\000A\000u\000t\000o\000m\000a\000t\000o\000n\000\040\000M\000o\000d\000e\000l\000s}{chapter.2}% 5
\BOOKMARK [2][-]{subsection.2.1.1}{\376\377\000S\000t\000a\000t\000e\000\040\000M\000a\000c\000h\000i\000n\000e\000s}{section.2.1}% 6
\BOOKMARK [2][-]{subsection.2.1.2}{\376\377\000S\000t\000a\000t\000e\000\040\000C\000h\000a\000r\000t\000s}{section.2.1}% 7
\BOOKMARK [2][-]{subsection.2.1.3}{\376\377\000P\000e\000t\000r\000i\000\040\000N\000e\000t\000s}{section.2.1}% 8
\BOOKMARK [1][-]{section.2.2}{\376\377\000V\000H\000D\000L}{chapter.2}% 9
\BOOKMARK [2][-]{subsection.2.2.1}{\376\377\000T\000e\000s\000t\000b\000e\000n\000c\000h\000e\000s}{section.2.2}% 10
\BOOKMARK [2][-]{subsection.2.2.2}{\376\377\000A\000\040\000F\000u\000l\000l\000\040\000A\000d\000d\000e\000r\000\040\000i\000n\000\040\000V\000H\000D\000L}{section.2.2}% 11
\BOOKMARK [2][-]{subsection.2.2.3}{\376\377\000D\000a\000t\000a\000\040\000T\000y\000p\000e\000s\000\040\000i\000n\000\040\000V\000H\000D\000L}{section.2.2}% 12
\BOOKMARK [2][-]{subsection.2.2.4}{\376\377\000O\000p\000e\000r\000a\000t\000o\000r\000s}{section.2.2}% 13
\BOOKMARK [2][-]{subsection.2.2.5}{\376\377\000C\000o\000n\000s\000t\000a\000n\000t\000s\000\040\000a\000n\000d\000\040\000S\000i\000g\000n\000a\000l\000s}{section.2.2}% 14
\BOOKMARK [2][-]{subsection.2.2.6}{\376\377\000V\000a\000r\000i\000a\000b\000l\000e\000s}{section.2.2}% 15
\BOOKMARK [2][-]{subsection.2.2.7}{\376\377\000P\000r\000o\000c\000e\000s\000s\000e\000s}{section.2.2}% 16
\BOOKMARK [2][-]{subsection.2.2.8}{\376\377\000S\000t\000a\000t\000e\000m\000e\000n\000t\000s}{section.2.2}% 17
\BOOKMARK [2][-]{subsection.2.2.9}{\376\377\000F\000u\000n\000c\000t\000i\000o\000n\000s\000\040\000a\000n\000d\000\040\000p\000r\000o\000c\000e\000d\000u\000r\000e\000s}{section.2.2}% 18
\BOOKMARK [2][-]{subsection.2.2.10}{\376\377\000S\000y\000n\000t\000h\000e\000s\000i\000s\000a\000b\000l\000e\000\040\000v\000s\000\040\000N\000o\000n\000-\000S\000y\000n\000t\000h\000e\000s\000i\000s\000a\000b\000l\000e\000\040\000C\000o\000d\000e}{section.2.2}% 19
\BOOKMARK [2][-]{subsection.2.2.11}{\376\377\000S\000i\000m\000u\000l\000a\000t\000i\000o\000n}{section.2.2}% 20
\BOOKMARK [2][-]{subsection.2.2.12}{\376\377\000D\000e\000l\000a\000y\000\040\000M\000o\000d\000e\000l\000i\000n\000g}{section.2.2}% 21
\BOOKMARK [0][-]{chapter.3}{\376\377\000D\000e\000s\000i\000g\000n\000\040\000S\000p\000a\000c\000e\000\040\000E\000v\000a\000l\000u\000a\000t\000i\000o\000n}{}% 22
\BOOKMARK [1][-]{section.3.1}{\376\377\000P\000o\000w\000e\000r\000\040\000C\000o\000n\000s\000u\000m\000p\000t\000i\000o\000n}{chapter.3}% 23
\BOOKMARK [1][-]{section.3.2}{\376\377\000Q\000u\000a\000l\000i\000t\000y\000\040\000T\000e\000s\000t\000i\000n\000g}{chapter.3}% 24
\BOOKMARK [1][-]{section.3.3}{\376\377\000P\000a\000r\000e\000t\000o\000\040\000F\000r\000o\000n\000t\000i\000e\000r}{chapter.3}% 25
\BOOKMARK [0][-]{chapter.4}{\376\377\000H\000a\000r\000d\000w\000a\000r\000e}{}% 26
\BOOKMARK [1][-]{section.4.1}{\376\377\000M\000i\000c\000r\000o\000p\000r\000o\000c\000e\000s\000s\000o\000r\000s\000\040\000v\000s\000\040\000M\000i\000c\000r\000o\000c\000o\000n\000t\000r\000o\000l\000l\000e\000r\000s}{chapter.4}% 27
\BOOKMARK [1][-]{section.4.2}{\376\377\000M\000e\000m\000o\000r\000y}{chapter.4}% 28
\BOOKMARK [2][-]{subsection.4.2.1}{\376\377\000C\000a\000c\000h\000e\000\040\000D\000e\000s\000i\000g\000n}{section.4.2}% 29
\BOOKMARK [2][-]{subsection.4.2.2}{\376\377\000S\000c\000r\000a\000t\000c\000h\000\040\000P\000a\000d\000\040\000M\000e\000m\000o\000r\000y}{section.4.2}% 30
\BOOKMARK [2][-]{subsection.4.2.3}{\376\377\000I\000/\000O\000\040\000A\000c\000c\000e\000s\000s}{section.4.2}% 31
\BOOKMARK [2][-]{subsection.4.2.4}{\376\377\000I\000n\000t\000e\000r\000r\000u\000p\000t\000s}{section.4.2}% 32
\BOOKMARK [1][-]{section.4.3}{\376\377\000C\000o\000m\000m\000u\000n\000i\000c\000a\000t\000i\000o\000n}{chapter.4}% 33
\BOOKMARK [2][-]{subsection.4.3.1}{\376\377\000P\000u\000l\000s\000e\000\040\000W\000i\000d\000t\000h\000\040\000M\000o\000d\000u\000l\000a\000t\000i\000o\000n}{section.4.3}% 34
\BOOKMARK [2][-]{subsection.4.3.2}{\376\377\000B\000u\000s\000\040\000S\000t\000a\000n\000d\000a\000r\000d\000s}{section.4.3}% 35
\BOOKMARK [1][-]{section.4.4}{\376\377\000D\000e\000b\000u\000g\000g\000i\000n\000g}{chapter.4}% 36
\BOOKMARK [2][-]{subsection.4.4.1}{\376\377\000J\000T\000A\000G}{section.4.4}% 37
\BOOKMARK [1][-]{section.4.5}{\376\377\000S\000i\000g\000n\000a\000l\000\040\000P\000r\000o\000c\000e\000s\000s\000i\000n\000g}{chapter.4}% 38
\BOOKMARK [2][-]{subsection.4.5.1}{\376\377\000D\000i\000r\000e\000c\000t\000\040\000C\000o\000n\000v\000e\000r\000s\000i\000o\000n}{section.4.5}% 39
\BOOKMARK [2][-]{subsection.4.5.2}{\376\377\000S\000e\000q\000u\000e\000n\000t\000i\000a\000l\000\040\000C\000o\000n\000v\000e\000r\000s\000i\000o\000n}{section.4.5}% 40
\BOOKMARK [2][-]{subsection.4.5.3}{\376\377\000S\000i\000g\000n\000a\000l\000\040\000T\000h\000e\000o\000r\000y}{section.4.5}% 41
\BOOKMARK [0][-]{chapter.5}{\376\377\000S\000o\000f\000t\000w\000a\000r\000e}{}% 42
\BOOKMARK [0][-]{appendix.A}{\376\377\000S\000o\000u\000r\000c\000e\000s}{}% 43
